<?xml version="1.0" encoding="UTF-8"?>
<robot generator="Robot 3.2.2 (Python 3.8.5 on linux)" generated="20201116 21:58:29.192" rpa="false">
<suite id="s1" name="Test" source="/home/kira/Documents/projetos/aut_robot/test.robot">
<test id="s1-t1" name="Deve retornar mensagem de boas-vindas">
<kw name="Welcome" library="app">
<arguments>
<arg>Gislaine</arg>
</arguments>
<assign>
<var>${result}</var>
</assign>
<msg timestamp="20201116 21:58:29.246" level="INFO">${result} = Olá Gislaine, bem-vinda ao curso básico de Robot Framework!</msg>
<status status="PASS" starttime="20201116 21:58:29.245" endtime="20201116 21:58:29.246"></status>
</kw>
<kw name="Should Be Equal" library="BuiltIn">
<doc>Fails if the given objects are unequal.</doc>
<arguments>
<arg>${result}</arg>
<arg>Olá Gislaine, bem-vinda ao curso básico de Robot Framework!</arg>
</arguments>
<status status="PASS" starttime="20201116 21:58:29.246" endtime="20201116 21:58:29.246"></status>
</kw>
<status status="PASS" starttime="20201116 21:58:29.245" endtime="20201116 21:58:29.247" critical="yes"></status>
</test>
<status status="PASS" starttime="20201116 21:58:29.194" endtime="20201116 21:58:29.247"></status>
</suite>
<statistics>
<total>
<stat pass="1" fail="0">Critical Tests</stat>
<stat pass="1" fail="0">All Tests</stat>
</total>
<tag>
</tag>
<suite>
<stat pass="1" fail="0" id="s1" name="Test">Test</stat>
</suite>
</statistics>
<errors>
</errors>
</robot>
