<?xml version="1.0" encoding="UTF-8"?>
<robot generator="Robot 3.2.2 (Python 3.8.5 on linux)" generated="20201121 18:22:45.597" rpa="false">
<suite id="s1" name="Login Form" source="/home/kira/Documents/projetos/aut_robot/web/tests/login_form.robot">
<test id="s1-t1" name="Login com sucesso">
<kw name="Nova sessão" library="base" type="setup">
<kw name="Open Browser" library="SeleniumLibrary">
<doc>Opens a new browser instance to the optional ``url``.</doc>
<arguments>
<arg>${url}</arg>
<arg>chrome</arg>
</arguments>
<msg timestamp="20201121 18:22:45.779" level="INFO">Opening browser 'chrome' to base url 'http://training-wheels-protocol.herokuapp.com/'.</msg>
<status status="PASS" starttime="20201121 18:22:45.779" endtime="20201121 18:22:51.505"></status>
</kw>
<status status="PASS" starttime="20201121 18:22:45.778" endtime="20201121 18:22:51.507"></status>
</kw>
<kw name="Go To" library="SeleniumLibrary">
<doc>Navigates the current browser window to the provided ``url``.</doc>
<arguments>
<arg>${url}login</arg>
</arguments>
<msg timestamp="20201121 18:22:51.511" level="INFO">Opening url 'http://training-wheels-protocol.herokuapp.com/login'</msg>
<status status="PASS" starttime="20201121 18:22:51.509" endtime="20201121 18:22:52.274"></status>
</kw>
<kw name="Login With">
<arguments>
<arg>stark</arg>
<arg>jarvis!</arg>
</arguments>
<kw name="Input Text" library="SeleniumLibrary">
<doc>Types the given ``text`` into the text field identified by ``locator``.</doc>
<arguments>
<arg>css:input[name=username]</arg>
<arg>${uname}</arg>
</arguments>
<msg timestamp="20201121 18:22:52.281" level="INFO">Typing text 'stark' into text field 'css:input[name=username]'.</msg>
<status status="PASS" starttime="20201121 18:22:52.278" endtime="20201121 18:22:52.461"></status>
</kw>
<kw name="Input Text" library="SeleniumLibrary">
<doc>Types the given ``text`` into the text field identified by ``locator``.</doc>
<arguments>
<arg>css:input[name=password]</arg>
<arg>${pass}</arg>
</arguments>
<msg timestamp="20201121 18:22:52.462" level="INFO">Typing text 'jarvis!' into text field 'css:input[name=password]'.</msg>
<status status="PASS" starttime="20201121 18:22:52.461" endtime="20201121 18:22:52.592"></status>
</kw>
<kw name="Click Element" library="SeleniumLibrary">
<doc>Click the element identified by ``locator``.</doc>
<arguments>
<arg>class:btn-login</arg>
</arguments>
<msg timestamp="20201121 18:22:52.593" level="INFO">Clicking element 'class:btn-login'.</msg>
<status status="PASS" starttime="20201121 18:22:52.592" endtime="20201121 18:22:53.389"></status>
</kw>
<status status="PASS" starttime="20201121 18:22:52.275" endtime="20201121 18:22:53.390"></status>
</kw>
<kw name="Should See Logged User">
<arguments>
<arg>Tony Stark</arg>
</arguments>
<kw name="Page Should Contain" library="SeleniumLibrary">
<doc>Verifies that current page contains ``text``.</doc>
<arguments>
<arg>Olá, ${full_name}. Você acessou a área logada!</arg>
</arguments>
<msg timestamp="20201121 18:22:53.472" level="INFO">Current page contains text 'Olá, Tony Stark. Você acessou a área logada!'.</msg>
<status status="PASS" starttime="20201121 18:22:53.390" endtime="20201121 18:22:53.472"></status>
</kw>
<status status="PASS" starttime="20201121 18:22:53.390" endtime="20201121 18:22:53.472"></status>
</kw>
<kw name="Encerra sessão" library="base" type="teardown">
<kw name="Capture Page Screenshot" library="SeleniumLibrary">
<doc>Takes a screenshot of the current page and embeds it into a log file.</doc>
<msg timestamp="20201121 18:22:53.622" level="INFO" html="yes">&lt;/td&gt;&lt;/tr&gt;&lt;tr&gt;&lt;td colspan="3"&gt;&lt;a href="selenium-screenshot-67.png"&gt;&lt;img src="selenium-screenshot-67.png" width="800px"&gt;&lt;/a&gt;</msg>
<status status="PASS" starttime="20201121 18:22:53.473" endtime="20201121 18:22:53.622"></status>
</kw>
<kw name="Close Browser" library="SeleniumLibrary">
<doc>Closes the current browser.</doc>
<status status="PASS" starttime="20201121 18:22:53.622" endtime="20201121 18:22:53.685"></status>
</kw>
<status status="PASS" starttime="20201121 18:22:53.472" endtime="20201121 18:22:53.685"></status>
</kw>
<status status="PASS" starttime="20201121 18:22:45.777" endtime="20201121 18:22:53.685" critical="yes"></status>
</test>
<test id="s1-t2" name="Senha inválida">
<kw name="Nova sessão" library="base" type="setup">
<kw name="Open Browser" library="SeleniumLibrary">
<doc>Opens a new browser instance to the optional ``url``.</doc>
<arguments>
<arg>${url}</arg>
<arg>chrome</arg>
</arguments>
<msg timestamp="20201121 18:22:53.688" level="INFO">Opening browser 'chrome' to base url 'http://training-wheels-protocol.herokuapp.com/'.</msg>
<status status="PASS" starttime="20201121 18:22:53.688" endtime="20201121 18:22:58.567"></status>
</kw>
<status status="PASS" starttime="20201121 18:22:53.687" endtime="20201121 18:22:58.568"></status>
</kw>
<kw name="Go To" library="SeleniumLibrary">
<doc>Navigates the current browser window to the provided ``url``.</doc>
<arguments>
<arg>${url}login</arg>
</arguments>
<msg timestamp="20201121 18:22:58.570" level="INFO">Opening url 'http://training-wheels-protocol.herokuapp.com/login'</msg>
<status status="PASS" starttime="20201121 18:22:58.569" endtime="20201121 18:22:59.303"></status>
</kw>
<kw name="Login With">
<arguments>
<arg>stark</arg>
<arg>acb123</arg>
</arguments>
<kw name="Input Text" library="SeleniumLibrary">
<doc>Types the given ``text`` into the text field identified by ``locator``.</doc>
<arguments>
<arg>css:input[name=username]</arg>
<arg>${uname}</arg>
</arguments>
<msg timestamp="20201121 18:22:59.311" level="INFO">Typing text 'stark' into text field 'css:input[name=username]'.</msg>
<status status="PASS" starttime="20201121 18:22:59.307" endtime="20201121 18:22:59.459"></status>
</kw>
<kw name="Input Text" library="SeleniumLibrary">
<doc>Types the given ``text`` into the text field identified by ``locator``.</doc>
<arguments>
<arg>css:input[name=password]</arg>
<arg>${pass}</arg>
</arguments>
<msg timestamp="20201121 18:22:59.460" level="INFO">Typing text 'acb123' into text field 'css:input[name=password]'.</msg>
<status status="PASS" starttime="20201121 18:22:59.459" endtime="20201121 18:22:59.573"></status>
</kw>
<kw name="Click Element" library="SeleniumLibrary">
<doc>Click the element identified by ``locator``.</doc>
<arguments>
<arg>class:btn-login</arg>
</arguments>
<msg timestamp="20201121 18:22:59.574" level="INFO">Clicking element 'class:btn-login'.</msg>
<status status="PASS" starttime="20201121 18:22:59.573" endtime="20201121 18:23:00.325"></status>
</kw>
<status status="PASS" starttime="20201121 18:22:59.304" endtime="20201121 18:23:00.325"></status>
</kw>
<kw name="Should Contain Login Alert">
<arguments>
<arg>Senha é invalida!</arg>
</arguments>
<kw name="Get WebElement" library="SeleniumLibrary">
<doc>Returns the first WebElement matching the given ``locator``.</doc>
<arguments>
<arg>id:flash</arg>
</arguments>
<assign>
<var>${message}</var>
</assign>
<msg timestamp="20201121 18:23:00.354" level="INFO">${message} = &lt;selenium.webdriver.remote.webelement.WebElement (session="b135cdaafdf8c0f12bd3a223736b4b0a", element="73110639-976f-43ae-91e5-c160b11d5985")&gt;</msg>
<status status="PASS" starttime="20201121 18:23:00.326" endtime="20201121 18:23:00.354"></status>
</kw>
<kw name="Should Contain" library="BuiltIn">
<doc>Fails if ``container`` does not contain ``item`` one or more times.</doc>
<arguments>
<arg>${message.text}</arg>
<arg>${expect_message}</arg>
</arguments>
<status status="PASS" starttime="20201121 18:23:00.354" endtime="20201121 18:23:00.378"></status>
</kw>
<status status="PASS" starttime="20201121 18:23:00.325" endtime="20201121 18:23:00.378"></status>
</kw>
<kw name="Encerra sessão" library="base" type="teardown">
<kw name="Capture Page Screenshot" library="SeleniumLibrary">
<doc>Takes a screenshot of the current page and embeds it into a log file.</doc>
<msg timestamp="20201121 18:23:00.555" level="INFO" html="yes">&lt;/td&gt;&lt;/tr&gt;&lt;tr&gt;&lt;td colspan="3"&gt;&lt;a href="selenium-screenshot-68.png"&gt;&lt;img src="selenium-screenshot-68.png" width="800px"&gt;&lt;/a&gt;</msg>
<status status="PASS" starttime="20201121 18:23:00.379" endtime="20201121 18:23:00.556"></status>
</kw>
<kw name="Close Browser" library="SeleniumLibrary">
<doc>Closes the current browser.</doc>
<status status="PASS" starttime="20201121 18:23:00.556" endtime="20201121 18:23:00.621"></status>
</kw>
<status status="PASS" starttime="20201121 18:23:00.379" endtime="20201121 18:23:00.621"></status>
</kw>
<tags>
<tag>login_error</tag>
</tags>
<status status="PASS" starttime="20201121 18:22:53.686" endtime="20201121 18:23:00.622" critical="yes"></status>
</test>
<test id="s1-t3" name="Usuário não existe">
<kw name="Nova sessão" library="base" type="setup">
<kw name="Open Browser" library="SeleniumLibrary">
<doc>Opens a new browser instance to the optional ``url``.</doc>
<arguments>
<arg>${url}</arg>
<arg>chrome</arg>
</arguments>
<msg timestamp="20201121 18:23:00.624" level="INFO">Opening browser 'chrome' to base url 'http://training-wheels-protocol.herokuapp.com/'.</msg>
<status status="PASS" starttime="20201121 18:23:00.624" endtime="20201121 18:23:04.425"></status>
</kw>
<status status="PASS" starttime="20201121 18:23:00.623" endtime="20201121 18:23:04.426"></status>
</kw>
<kw name="Go To" library="SeleniumLibrary">
<doc>Navigates the current browser window to the provided ``url``.</doc>
<arguments>
<arg>${url}login</arg>
</arguments>
<msg timestamp="20201121 18:23:04.429" level="INFO">Opening url 'http://training-wheels-protocol.herokuapp.com/login'</msg>
<status status="PASS" starttime="20201121 18:23:04.428" endtime="20201121 18:23:05.109"></status>
</kw>
<kw name="Login With">
<arguments>
<arg>kira</arg>
<arg>agr125</arg>
</arguments>
<kw name="Input Text" library="SeleniumLibrary">
<doc>Types the given ``text`` into the text field identified by ``locator``.</doc>
<arguments>
<arg>css:input[name=username]</arg>
<arg>${uname}</arg>
</arguments>
<msg timestamp="20201121 18:23:05.110" level="INFO">Typing text 'kira' into text field 'css:input[name=username]'.</msg>
<status status="PASS" starttime="20201121 18:23:05.110" endtime="20201121 18:23:05.228"></status>
</kw>
<kw name="Input Text" library="SeleniumLibrary">
<doc>Types the given ``text`` into the text field identified by ``locator``.</doc>
<arguments>
<arg>css:input[name=password]</arg>
<arg>${pass}</arg>
</arguments>
<msg timestamp="20201121 18:23:05.229" level="INFO">Typing text 'agr125' into text field 'css:input[name=password]'.</msg>
<status status="PASS" starttime="20201121 18:23:05.228" endtime="20201121 18:23:05.340"></status>
</kw>
<kw name="Click Element" library="SeleniumLibrary">
<doc>Click the element identified by ``locator``.</doc>
<arguments>
<arg>class:btn-login</arg>
</arguments>
<msg timestamp="20201121 18:23:05.341" level="INFO">Clicking element 'class:btn-login'.</msg>
<status status="PASS" starttime="20201121 18:23:05.340" endtime="20201121 18:23:05.951"></status>
</kw>
<status status="PASS" starttime="20201121 18:23:05.109" endtime="20201121 18:23:05.951"></status>
</kw>
<kw name="Should Contain Login Alert">
<arguments>
<arg>O usuário informado não está cadastrado!</arg>
</arguments>
<kw name="Get WebElement" library="SeleniumLibrary">
<doc>Returns the first WebElement matching the given ``locator``.</doc>
<arguments>
<arg>id:flash</arg>
</arguments>
<assign>
<var>${message}</var>
</assign>
<msg timestamp="20201121 18:23:05.970" level="INFO">${message} = &lt;selenium.webdriver.remote.webelement.WebElement (session="0e35d2a77f1545649d211d58080fc9c5", element="330c4946-9568-4f52-87eb-398c358dd207")&gt;</msg>
<status status="PASS" starttime="20201121 18:23:05.952" endtime="20201121 18:23:05.970"></status>
</kw>
<kw name="Should Contain" library="BuiltIn">
<doc>Fails if ``container`` does not contain ``item`` one or more times.</doc>
<arguments>
<arg>${message.text}</arg>
<arg>${expect_message}</arg>
</arguments>
<status status="PASS" starttime="20201121 18:23:05.970" endtime="20201121 18:23:05.996"></status>
</kw>
<status status="PASS" starttime="20201121 18:23:05.952" endtime="20201121 18:23:05.997"></status>
</kw>
<kw name="Encerra sessão" library="base" type="teardown">
<kw name="Capture Page Screenshot" library="SeleniumLibrary">
<doc>Takes a screenshot of the current page and embeds it into a log file.</doc>
<msg timestamp="20201121 18:23:06.203" level="INFO" html="yes">&lt;/td&gt;&lt;/tr&gt;&lt;tr&gt;&lt;td colspan="3"&gt;&lt;a href="selenium-screenshot-69.png"&gt;&lt;img src="selenium-screenshot-69.png" width="800px"&gt;&lt;/a&gt;</msg>
<status status="PASS" starttime="20201121 18:23:05.997" endtime="20201121 18:23:06.204"></status>
</kw>
<kw name="Close Browser" library="SeleniumLibrary">
<doc>Closes the current browser.</doc>
<status status="PASS" starttime="20201121 18:23:06.204" endtime="20201121 18:23:06.267"></status>
</kw>
<status status="PASS" starttime="20201121 18:23:05.997" endtime="20201121 18:23:06.267"></status>
</kw>
<tags>
<tag>usuario_existe</tag>
</tags>
<status status="PASS" starttime="20201121 18:23:00.623" endtime="20201121 18:23:06.267" critical="yes"></status>
</test>
<status status="PASS" starttime="20201121 18:22:45.598" endtime="20201121 18:23:06.269"></status>
</suite>
<statistics>
<total>
<stat pass="3" fail="0">Critical Tests</stat>
<stat pass="3" fail="0">All Tests</stat>
</total>
<tag>
<stat pass="1" fail="0">login_error</stat>
<stat pass="1" fail="0">usuario_existe</stat>
</tag>
<suite>
<stat pass="3" fail="0" id="s1" name="Login Form">Login Form</stat>
</suite>
</statistics>
<errors>
</errors>
</robot>
