<?xml version="1.0" encoding="UTF-8"?>
<robot generator="Robot 3.2.2 (Python 3.8.5 on linux)" generated="20201118 23:05:06.292" rpa="false">
<suite id="s1" name="Select" source="/home/kira/Documents/projetos/aut_robot/web/tests/select.robot">
<test id="s1-t1" name="Selecionar por Texto e validar por Valor">
<kw name="Nova sessão" library="base" type="setup">
<kw name="Open Browser" library="SeleniumLibrary">
<doc>Opens a new browser instance to the optional ``url``.</doc>
<arguments>
<arg>${url}</arg>
<arg>chrome</arg>
</arguments>
<msg timestamp="20201118 23:05:06.548" level="INFO">Opening browser 'chrome' to base url 'http://training-wheels-protocol.herokuapp.com/'.</msg>
<status status="PASS" starttime="20201118 23:05:06.547" endtime="20201118 23:05:11.287"></status>
</kw>
<status status="PASS" starttime="20201118 23:05:06.547" endtime="20201118 23:05:11.287"></status>
</kw>
<kw name="Go To" library="SeleniumLibrary">
<doc>Navigates the current browser window to the provided ``url``.</doc>
<arguments>
<arg>${url}dropdown</arg>
</arguments>
<msg timestamp="20201118 23:05:11.288" level="INFO">Opening url 'http://training-wheels-protocol.herokuapp.com/dropdown'</msg>
<status status="PASS" starttime="20201118 23:05:11.288" endtime="20201118 23:05:11.812"></status>
</kw>
<kw name="Select From List By Label" library="SeleniumLibrary">
<doc>Selects options from selection list ``locator`` by ``labels``.</doc>
<arguments>
<arg>class:avenger-list</arg>
<arg>Scott Lang</arg>
</arguments>
<msg timestamp="20201118 23:05:11.816" level="INFO">Selecting options from selection list 'class:avenger-list' by label Scott Lang.</msg>
<status status="PASS" starttime="20201118 23:05:11.815" endtime="20201118 23:05:11.953"></status>
</kw>
<kw name="Get Selected List Value" library="SeleniumLibrary">
<doc>Returns the value of selected option from selection list ``locator``.</doc>
<arguments>
<arg>class:avenger-list</arg>
</arguments>
<assign>
<var>${selected}</var>
</assign>
<msg timestamp="20201118 23:05:12.165" level="INFO">${selected} = 7</msg>
<status status="PASS" starttime="20201118 23:05:11.954" endtime="20201118 23:05:12.165"></status>
</kw>
<kw name="Should Be Equal" library="BuiltIn">
<doc>Fails if the given objects are unequal.</doc>
<arguments>
<arg>${selected}</arg>
<arg>7</arg>
</arguments>
<status status="PASS" starttime="20201118 23:05:12.165" endtime="20201118 23:05:12.166"></status>
</kw>
<kw name="Sleep" library="BuiltIn">
<doc>Pauses the test executed for the given time.</doc>
<arguments>
<arg>5</arg>
</arguments>
<msg timestamp="20201118 23:05:17.167" level="INFO">Slept 5 seconds</msg>
<status status="PASS" starttime="20201118 23:05:12.166" endtime="20201118 23:05:17.167"></status>
</kw>
<kw name="Encerra sessão" library="base" type="teardown">
<kw name="Capture Page Screenshot" library="SeleniumLibrary">
<doc>Takes a screenshot of the current page and embeds it into a log file.</doc>
<msg timestamp="20201118 23:05:17.407" level="INFO" html="yes">&lt;/td&gt;&lt;/tr&gt;&lt;tr&gt;&lt;td colspan="3"&gt;&lt;a href="selenium-screenshot-18.png"&gt;&lt;img src="selenium-screenshot-18.png" width="800px"&gt;&lt;/a&gt;</msg>
<status status="PASS" starttime="20201118 23:05:17.169" endtime="20201118 23:05:17.407"></status>
</kw>
<kw name="Close Browser" library="SeleniumLibrary">
<doc>Closes the current browser.</doc>
<status status="PASS" starttime="20201118 23:05:17.407" endtime="20201118 23:05:17.472"></status>
</kw>
<status status="PASS" starttime="20201118 23:05:17.168" endtime="20201118 23:05:17.473"></status>
</kw>
<status status="PASS" starttime="20201118 23:05:06.545" endtime="20201118 23:05:17.474" critical="yes"></status>
</test>
<test id="s1-t2" name="Selecionar por Value e validar por Texto">
<kw name="Nova sessão" library="base" type="setup">
<kw name="Open Browser" library="SeleniumLibrary">
<doc>Opens a new browser instance to the optional ``url``.</doc>
<arguments>
<arg>${url}</arg>
<arg>chrome</arg>
</arguments>
<msg timestamp="20201118 23:05:17.479" level="INFO">Opening browser 'chrome' to base url 'http://training-wheels-protocol.herokuapp.com/'.</msg>
<status status="PASS" starttime="20201118 23:05:17.478" endtime="20201118 23:05:26.064"></status>
</kw>
<status status="PASS" starttime="20201118 23:05:17.477" endtime="20201118 23:05:26.064"></status>
</kw>
<kw name="Go To" library="SeleniumLibrary">
<doc>Navigates the current browser window to the provided ``url``.</doc>
<arguments>
<arg>${url}dropdown</arg>
</arguments>
<msg timestamp="20201118 23:05:26.066" level="INFO">Opening url 'http://training-wheels-protocol.herokuapp.com/dropdown'</msg>
<status status="PASS" starttime="20201118 23:05:26.065" endtime="20201118 23:05:26.863"></status>
</kw>
<kw name="Select From List By Value" library="SeleniumLibrary">
<doc>Selects options from selection list ``locator`` by ``values``.</doc>
<arguments>
<arg>id:dropdown</arg>
<arg>6</arg>
</arguments>
<msg timestamp="20201118 23:05:26.864" level="INFO">Selecting options from selection list 'id:dropdown' by value 6.</msg>
<status status="PASS" starttime="20201118 23:05:26.864" endtime="20201118 23:05:27.006"></status>
</kw>
<kw name="Get Selected List Label" library="SeleniumLibrary">
<doc>Returns the label of selected option from selection list ``locator``.</doc>
<arguments>
<arg>id:dropdown</arg>
</arguments>
<assign>
<var>${selected}</var>
</assign>
<msg timestamp="20201118 23:05:27.197" level="INFO">${selected} = Loki</msg>
<status status="PASS" starttime="20201118 23:05:27.006" endtime="20201118 23:05:27.197"></status>
</kw>
<kw name="Should Be Equal" library="BuiltIn">
<doc>Fails if the given objects are unequal.</doc>
<arguments>
<arg>${selected}</arg>
<arg>Loki</arg>
</arguments>
<status status="PASS" starttime="20201118 23:05:27.199" endtime="20201118 23:05:27.200"></status>
</kw>
<kw name="Sleep" library="BuiltIn">
<doc>Pauses the test executed for the given time.</doc>
<arguments>
<arg>5</arg>
</arguments>
<msg timestamp="20201118 23:05:32.201" level="INFO">Slept 5 seconds</msg>
<status status="PASS" starttime="20201118 23:05:27.200" endtime="20201118 23:05:32.204"></status>
</kw>
<kw name="Encerra sessão" library="base" type="teardown">
<kw name="Capture Page Screenshot" library="SeleniumLibrary">
<doc>Takes a screenshot of the current page and embeds it into a log file.</doc>
<msg timestamp="20201118 23:05:32.414" level="INFO" html="yes">&lt;/td&gt;&lt;/tr&gt;&lt;tr&gt;&lt;td colspan="3"&gt;&lt;a href="selenium-screenshot-19.png"&gt;&lt;img src="selenium-screenshot-19.png" width="800px"&gt;&lt;/a&gt;</msg>
<status status="PASS" starttime="20201118 23:05:32.207" endtime="20201118 23:05:32.414"></status>
</kw>
<kw name="Close Browser" library="SeleniumLibrary">
<doc>Closes the current browser.</doc>
<status status="PASS" starttime="20201118 23:05:32.415" endtime="20201118 23:05:32.485"></status>
</kw>
<status status="PASS" starttime="20201118 23:05:32.205" endtime="20201118 23:05:32.486"></status>
</kw>
<tags>
<tag>HomemFormiga</tag>
</tags>
<status status="PASS" starttime="20201118 23:05:17.475" endtime="20201118 23:05:32.486" critical="yes"></status>
</test>
<status status="PASS" starttime="20201118 23:05:06.295" endtime="20201118 23:05:32.490"></status>
</suite>
<statistics>
<total>
<stat pass="2" fail="0">Critical Tests</stat>
<stat pass="2" fail="0">All Tests</stat>
</total>
<tag>
<stat pass="1" fail="0">HomemFormiga</stat>
</tag>
<suite>
<stat pass="2" fail="0" id="s1" name="Select">Select</stat>
</suite>
</statistics>
<errors>
</errors>
</robot>
