<?xml version="1.0" encoding="UTF-8"?>
<robot generator="Robot 3.2.2 (Python 3.8.5 on linux)" generated="20201117 00:06:39.991" rpa="false">
<suite id="s1" name="Tests" source="/home/kira/Documents/projetos/aut_robot/web/tests">
<suite id="s1-s1" name="Checkbox" source="/home/kira/Documents/projetos/aut_robot/web/tests/checkbox.robot">
<test id="s1-s1-t1" name="Marcando opção com ID">
<kw name="Nova sessão" library="base" type="setup">
<kw name="Open Browser" library="SeleniumLibrary">
<doc>Opens a new browser instance to the optional ``url``.</doc>
<arguments>
<arg>${url}</arg>
<arg>chrome</arg>
</arguments>
<msg timestamp="20201117 00:06:40.734" level="INFO">Opening browser 'chrome' to base url 'http://training-wheels-protocol.herokuapp.com/'.</msg>
<status status="PASS" starttime="20201117 00:06:40.732" endtime="20201117 00:06:45.557"></status>
</kw>
<status status="PASS" starttime="20201117 00:06:40.731" endtime="20201117 00:06:45.558"></status>
</kw>
<kw name="Go To" library="SeleniumLibrary">
<doc>Navigates the current browser window to the provided ``url``.</doc>
<arguments>
<arg>${url}checkboxes</arg>
</arguments>
<msg timestamp="20201117 00:06:45.561" level="INFO">Opening url 'http://training-wheels-protocol.herokuapp.com/checkboxes'</msg>
<status status="PASS" starttime="20201117 00:06:45.559" endtime="20201117 00:06:46.065"></status>
</kw>
<kw name="Select Checkbox" library="SeleniumLibrary">
<doc>Selects the checkbox identified by ``locator``.</doc>
<arguments>
<arg>${check_thor}</arg>
</arguments>
<msg timestamp="20201117 00:06:46.066" level="INFO">Selecting checkbox 'id:thor'.</msg>
<status status="PASS" starttime="20201117 00:06:46.065" endtime="20201117 00:06:46.260"></status>
</kw>
<kw name="Checkbox Should Be Selected" library="SeleniumLibrary">
<doc>Verifies checkbox ``locator`` is selected/checked.</doc>
<arguments>
<arg>${check_thor}</arg>
</arguments>
<msg timestamp="20201117 00:06:46.262" level="INFO">Verifying checkbox 'id:thor' is selected.</msg>
<status status="PASS" starttime="20201117 00:06:46.261" endtime="20201117 00:06:46.304"></status>
</kw>
<kw name="Encerra sessão" library="base" type="teardown">
<kw name="Capture Page Screenshot" library="SeleniumLibrary">
<doc>Takes a screenshot of the current page and embeds it into a log file.</doc>
<msg timestamp="20201117 00:06:46.511" level="INFO" html="yes">&lt;/td&gt;&lt;/tr&gt;&lt;tr&gt;&lt;td colspan="3"&gt;&lt;a href="selenium-screenshot-1.png"&gt;&lt;img src="selenium-screenshot-1.png" width="800px"&gt;&lt;/a&gt;</msg>
<status status="PASS" starttime="20201117 00:06:46.305" endtime="20201117 00:06:46.511"></status>
</kw>
<kw name="Close Browser" library="SeleniumLibrary">
<doc>Closes the current browser.</doc>
<status status="PASS" starttime="20201117 00:06:46.511" endtime="20201117 00:06:46.579"></status>
</kw>
<status status="PASS" starttime="20201117 00:06:46.304" endtime="20201117 00:06:46.580"></status>
</kw>
<status status="PASS" starttime="20201117 00:06:40.729" endtime="20201117 00:06:46.581" critical="yes"></status>
</test>
<test id="s1-s1-t2" name="Marcando opção com CSS Selector">
<kw name="Nova sessão" library="base" type="setup">
<kw name="Open Browser" library="SeleniumLibrary">
<doc>Opens a new browser instance to the optional ``url``.</doc>
<arguments>
<arg>${url}</arg>
<arg>chrome</arg>
</arguments>
<msg timestamp="20201117 00:06:46.588" level="INFO">Opening browser 'chrome' to base url 'http://training-wheels-protocol.herokuapp.com/'.</msg>
<status status="PASS" starttime="20201117 00:06:46.586" endtime="20201117 00:06:54.290"></status>
</kw>
<status status="PASS" starttime="20201117 00:06:46.584" endtime="20201117 00:06:54.290"></status>
</kw>
<kw name="Go To" library="SeleniumLibrary">
<doc>Navigates the current browser window to the provided ``url``.</doc>
<arguments>
<arg>${url}checkboxes</arg>
</arguments>
<msg timestamp="20201117 00:06:54.293" level="INFO">Opening url 'http://training-wheels-protocol.herokuapp.com/checkboxes'</msg>
<status status="PASS" starttime="20201117 00:06:54.292" endtime="20201117 00:06:54.890"></status>
</kw>
<kw name="Select Checkbox" library="SeleniumLibrary">
<doc>Selects the checkbox identified by ``locator``.</doc>
<arguments>
<arg>${check_iron}</arg>
</arguments>
<msg timestamp="20201117 00:06:54.891" level="INFO">Selecting checkbox 'css:input[value='iron-man']'.</msg>
<status status="PASS" starttime="20201117 00:06:54.890" endtime="20201117 00:06:55.091"></status>
</kw>
<kw name="Checkbox Should Be Selected" library="SeleniumLibrary">
<doc>Verifies checkbox ``locator`` is selected/checked.</doc>
<arguments>
<arg>${check_iron}</arg>
</arguments>
<msg timestamp="20201117 00:06:55.092" level="INFO">Verifying checkbox 'css:input[value='iron-man']' is selected.</msg>
<status status="PASS" starttime="20201117 00:06:55.092" endtime="20201117 00:06:55.142"></status>
</kw>
<kw name="Encerra sessão" library="base" type="teardown">
<kw name="Capture Page Screenshot" library="SeleniumLibrary">
<doc>Takes a screenshot of the current page and embeds it into a log file.</doc>
<msg timestamp="20201117 00:06:55.368" level="INFO" html="yes">&lt;/td&gt;&lt;/tr&gt;&lt;tr&gt;&lt;td colspan="3"&gt;&lt;a href="selenium-screenshot-2.png"&gt;&lt;img src="selenium-screenshot-2.png" width="800px"&gt;&lt;/a&gt;</msg>
<status status="PASS" starttime="20201117 00:06:55.147" endtime="20201117 00:06:55.368"></status>
</kw>
<kw name="Close Browser" library="SeleniumLibrary">
<doc>Closes the current browser.</doc>
<status status="PASS" starttime="20201117 00:06:55.368" endtime="20201117 00:06:55.432"></status>
</kw>
<status status="PASS" starttime="20201117 00:06:55.144" endtime="20201117 00:06:55.433"></status>
</kw>
<tags>
<tag>ironman</tag>
</tags>
<status status="PASS" starttime="20201117 00:06:46.582" endtime="20201117 00:06:55.433" critical="yes"></status>
</test>
<test id="s1-s1-t3" name="Marcando opção com Xpath">
<kw name="Nova sessão" library="base" type="setup">
<kw name="Open Browser" library="SeleniumLibrary">
<doc>Opens a new browser instance to the optional ``url``.</doc>
<arguments>
<arg>${url}</arg>
<arg>chrome</arg>
</arguments>
<msg timestamp="20201117 00:06:55.441" level="INFO">Opening browser 'chrome' to base url 'http://training-wheels-protocol.herokuapp.com/'.</msg>
<status status="PASS" starttime="20201117 00:06:55.441" endtime="20201117 00:07:02.043"></status>
</kw>
<status status="PASS" starttime="20201117 00:06:55.440" endtime="20201117 00:07:02.044"></status>
</kw>
<kw name="Go To" library="SeleniumLibrary">
<doc>Navigates the current browser window to the provided ``url``.</doc>
<arguments>
<arg>${url}checkboxes</arg>
</arguments>
<msg timestamp="20201117 00:07:02.045" level="INFO">Opening url 'http://training-wheels-protocol.herokuapp.com/checkboxes'</msg>
<status status="PASS" starttime="20201117 00:07:02.044" endtime="20201117 00:07:02.557"></status>
</kw>
<kw name="Select Checkbox" library="SeleniumLibrary">
<doc>Selects the checkbox identified by ``locator``.</doc>
<arguments>
<arg>${check-panther}</arg>
</arguments>
<msg timestamp="20201117 00:07:02.560" level="INFO">Selecting checkbox 'xpath://*[@id='checkboxes']/input[7]'.</msg>
<status status="PASS" starttime="20201117 00:07:02.559" endtime="20201117 00:07:02.663"></status>
</kw>
<kw name="Checkbox Should Be Selected" library="SeleniumLibrary">
<doc>Verifies checkbox ``locator`` is selected/checked.</doc>
<arguments>
<arg>${check-panther}</arg>
</arguments>
<msg timestamp="20201117 00:07:02.663" level="INFO">Verifying checkbox 'xpath://*[@id='checkboxes']/input[7]' is selected.</msg>
<status status="PASS" starttime="20201117 00:07:02.663" endtime="20201117 00:07:02.694"></status>
</kw>
<kw name="Encerra sessão" library="base" type="teardown">
<kw name="Capture Page Screenshot" library="SeleniumLibrary">
<doc>Takes a screenshot of the current page and embeds it into a log file.</doc>
<msg timestamp="20201117 00:07:02.868" level="INFO" html="yes">&lt;/td&gt;&lt;/tr&gt;&lt;tr&gt;&lt;td colspan="3"&gt;&lt;a href="selenium-screenshot-3.png"&gt;&lt;img src="selenium-screenshot-3.png" width="800px"&gt;&lt;/a&gt;</msg>
<status status="PASS" starttime="20201117 00:07:02.695" endtime="20201117 00:07:02.868"></status>
</kw>
<kw name="Close Browser" library="SeleniumLibrary">
<doc>Closes the current browser.</doc>
<status status="PASS" starttime="20201117 00:07:02.869" endtime="20201117 00:07:02.935"></status>
</kw>
<status status="PASS" starttime="20201117 00:07:02.694" endtime="20201117 00:07:02.936"></status>
</kw>
<tags>
<tag>blackpanther</tag>
</tags>
<status status="PASS" starttime="20201117 00:06:55.436" endtime="20201117 00:07:02.936" critical="yes"></status>
</test>
<status status="PASS" starttime="20201117 00:06:40.124" endtime="20201117 00:07:02.938"></status>
</suite>
<suite id="s1-s2" name="Titile" source="/home/kira/Documents/projetos/aut_robot/web/tests/titile.robot">
<test id="s1-s2-t1" name="Should See Page Title">
<kw name="Nova sessão" library="base" type="setup">
<kw name="Open Browser" library="SeleniumLibrary">
<doc>Opens a new browser instance to the optional ``url``.</doc>
<arguments>
<arg>${url}</arg>
<arg>chrome</arg>
</arguments>
<msg timestamp="20201117 00:07:02.950" level="INFO">Opening browser 'chrome' to base url 'http://training-wheels-protocol.herokuapp.com/'.</msg>
<status status="PASS" starttime="20201117 00:07:02.949" endtime="20201117 00:07:07.040"></status>
</kw>
<status status="PASS" starttime="20201117 00:07:02.949" endtime="20201117 00:07:07.040"></status>
</kw>
<kw name="Title Should Be" library="SeleniumLibrary">
<doc>Verifies that the current page title equals ``title``.</doc>
<arguments>
<arg>Training Wheels Protocol</arg>
</arguments>
<msg timestamp="20201117 00:07:07.047" level="INFO">Page title is 'Training Wheels Protocol'.</msg>
<status status="PASS" starttime="20201117 00:07:07.041" endtime="20201117 00:07:07.047"></status>
</kw>
<kw name="Encerra sessão" library="base" type="teardown">
<kw name="Capture Page Screenshot" library="SeleniumLibrary">
<doc>Takes a screenshot of the current page and embeds it into a log file.</doc>
<msg timestamp="20201117 00:07:07.269" level="INFO" html="yes">&lt;/td&gt;&lt;/tr&gt;&lt;tr&gt;&lt;td colspan="3"&gt;&lt;a href="selenium-screenshot-4.png"&gt;&lt;img src="selenium-screenshot-4.png" width="800px"&gt;&lt;/a&gt;</msg>
<status status="PASS" starttime="20201117 00:07:07.049" endtime="20201117 00:07:07.269"></status>
</kw>
<kw name="Close Browser" library="SeleniumLibrary">
<doc>Closes the current browser.</doc>
<status status="PASS" starttime="20201117 00:07:07.269" endtime="20201117 00:07:07.334"></status>
</kw>
<status status="PASS" starttime="20201117 00:07:07.048" endtime="20201117 00:07:07.335"></status>
</kw>
<status status="PASS" starttime="20201117 00:07:02.948" endtime="20201117 00:07:07.335" critical="yes"></status>
</test>
<status status="PASS" starttime="20201117 00:07:02.943" endtime="20201117 00:07:07.337"></status>
</suite>
<status status="PASS" starttime="20201117 00:06:39.993" endtime="20201117 00:07:07.341"></status>
</suite>
<statistics>
<total>
<stat pass="4" fail="0">Critical Tests</stat>
<stat pass="4" fail="0">All Tests</stat>
</total>
<tag>
<stat pass="1" fail="0">blackpanther</stat>
<stat pass="1" fail="0">ironman</stat>
</tag>
<suite>
<stat pass="4" fail="0" id="s1" name="Tests">Tests</stat>
<stat pass="3" fail="0" id="s1-s1" name="Checkbox">Tests.Checkbox</stat>
<stat pass="1" fail="0" id="s1-s2" name="Titile">Tests.Titile</stat>
</suite>
</statistics>
<errors>
</errors>
</robot>
